03/10/2022 , 21:59:34 , Everything is normal
03/10/2022 , 21:59:38 , Everything is normal
03/10/2022 , 21:59:41 , Everything is normal
03/10/2022 , 21:59:45 , Everything is normal
03/10/2022 , 21:59:48 , Everything is normal
03/10/2022 , 21:59:52 , Everything is normal
03/10/2022 , 21:59:55 , Everything is normal
03/10/2022 , 21:59:59 , Everything is normal
03/10/2022 , 22:00:02 , Everything is normal
03/10/2022 , 22:00:06 , Everything is normal
03/10/2022 , 22:00:09 , Everything is normal
03/10/2022 , 22:00:13 , Everything is normal
03/10/2022 , 22:00:16 , Everything is normal
03/10/2022 , 22:00:20 , Everything is normal
03/10/2022 , 22:00:23 , Everything is normal
03/10/2022 , 22:00:27 , Everything is normal
03/10/2022 , 22:00:30 , Everything is normal
03/10/2022 , 22:00:34 , Everything is normal
03/10/2022 , 22:00:37 , Everything is normal
03/10/2022 , 22:00:41 , Everything is normal
03/10/2022 , 22:00:44 , Everything is normal
03/10/2022 , 22:00:48 , Everything is normal
03/10/2022 , 22:00:51 , Everything is normal
03/10/2022 , 22:00:55 , Everything is normal
03/10/2022 , 22:00:59 , Everything is normal
03/10/2022 , 22:01:02 , Everything is normal

single IP same subnet

03/10/2022 , 22:01:06 , SYN attack detected! Attacker IP: 172.20.10.2 No. of attempts: 33
03/10/2022 , 22:01:09 , SYN attack detected! Attacker IP: 172.20.10.2 No. of attempts: 26
03/10/2022 , 22:01:13 , SYN attack detected! Attacker IP: 172.20.10.2 No. of attempts: 39
03/10/2022 , 22:01:16 , SYN attack detected! Attacker IP: 172.20.10.2 No. of attempts: 38
03/10/2022 , 22:01:20 , SYN attack detected! Attacker IP: 172.20.10.2 No. of attempts: 56
03/10/2022 , 22:01:23 , SYN attack detected! Attacker IP: 172.20.10.2 No. of attempts: 51
03/10/2022 , 22:01:27 , SYN attack detected! Attacker IP: 172.20.10.2 No. of attempts: 27
03/10/2022 , 22:01:30 , SYN attack detected! Attacker IP: 172.20.10.2 No. of attempts: 41
03/10/2022 , 22:01:34 , SYN attack detected! Attacker IP: 172.20.10.2 No. of attempts: 82
03/10/2022 , 22:01:37 , SYN attack detected! Attacker IP: 172.20.10.2 No. of attempts: 71
03/10/2022 , 22:01:41 , SYN attack detected! Attacker IP: 172.20.10.2 No. of attempts: 71
03/10/2022 , 22:01:44 , SYN attack detected! Attacker IP: 172.20.10.2 No. of attempts: 40
03/10/2022 , 22:01:48 , SYN attack detected! Attacker IP: 172.20.10.2 No. of attempts: 31
03/10/2022 , 22:01:51 , SYN attack detected! Attacker IP: 172.20.10.2 No. of attempts: 48
03/10/2022 , 22:01:55 , SYN attack detected! Attacker IP: 172.20.10.2 No. of attempts: 44
03/10/2022 , 22:01:58 , SYN attack detected! Attacker IP: 172.20.10.2 No. of attempts: 53
03/10/2022 , 22:02:02 , SYN attack detected! Attacker IP: 172.20.10.2 No. of attempts: 53
03/10/2022 , 22:02:05 , SYN attack detected! Attacker IP: 172.20.10.2 No. of attempts: 34
03/10/2022 , 22:02:09 , SYN attack detected! Attacker IP: 172.20.10.2 No. of attempts: 87
03/10/2022 , 22:02:12 , SYN attack detected! Attacker IP: 172.20.10.2 No. of attempts: 281
03/10/2022 , 22:02:16 , SYN attack detected! Attacker IP: 172.20.10.2 No. of attempts: 119
03/10/2022 , 22:02:19 , Everything is normal
03/10/2022 , 22:02:23 , Everything is normal
03/10/2022 , 22:02:26 , Everything is normal
03/10/2022 , 22:02:30 , Everything is normal
03/10/2022 , 22:02:33 , Everything is normal
03/10/2022 , 22:02:37 , Everything is normal
03/10/2022 , 22:02:40 , Everything is normal
03/10/2022 , 22:02:44 , Everything is normal
03/10/2022 , 22:02:47 , Everything is normal
03/10/2022 , 22:02:51 , Everything is normal
03/10/2022 , 22:02:54 , Everything is normal
03/10/2022 , 22:02:58 , Everything is normal
03/10/2022 , 22:03:01 , Everything is normal
03/10/2022 , 22:03:05 , Everything is normal
03/10/2022 , 22:03:08 , Everything is normal
03/10/2022 , 22:03:12 , Everything is normal
03/10/2022 , 22:03:15 , Everything is normal
03/10/2022 , 22:03:19 , Everything is normal
03/10/2022 , 22:03:22 , Everything is normal
03/10/2022 , 22:03:26 , Everything is normal
03/10/2022 , 22:03:29 , Everything is normal
03/10/2022 , 22:03:33 , Everything is normal
03/10/2022 , 22:03:36 , Everything is normal
03/10/2022 , 22:03:40 , Everything is normal
03/10/2022 , 22:03:43 , Everything is normal
03/10/2022 , 22:03:47 , Everything is normal
03/10/2022 , 22:03:51 , Everything is normal
03/10/2022 , 22:03:54 , Everything is normal
03/10/2022 , 22:03:58 , Everything is normal

single IP different subnet

03/10/2022 , 22:04:01 , SYN attack detected! Attacker IP: 177.17.115.178 No. of attempts: 14
03/10/2022 , 22:04:05 , SYN attack detected! Attacker IP: 177.17.115.178 No. of attempts: 78
03/10/2022 , 22:04:08 , SYN attack detected! Attacker IP: 177.17.115.178 No. of attempts: 53
03/10/2022 , 22:04:12 , SYN attack detected! Attacker IP: 177.17.115.178 No. of attempts: 39
03/10/2022 , 22:04:15 , SYN attack detected! Attacker IP: 177.17.115.178 No. of attempts: 50
03/10/2022 , 22:04:19 , SYN attack detected! Attacker IP: 177.17.115.178 No. of attempts: 50
03/10/2022 , 22:04:22 , SYN attack detected! Attacker IP: 177.17.115.178 No. of attempts: 41
03/10/2022 , 22:04:26 , SYN attack detected! Attacker IP: 177.17.115.178 No. of attempts: 32
03/10/2022 , 22:04:29 , SYN attack detected! Attacker IP: 177.17.115.178 No. of attempts: 12
03/10/2022 , 22:04:33 , SYN attack detected! Attacker IP: 177.17.115.178 No. of attempts: 25
03/10/2022 , 22:04:36 , SYN attack detected! Attacker IP: 177.17.115.178 No. of attempts: 42
03/10/2022 , 22:04:40 , SYN attack detected! Attacker IP: 177.17.115.178 No. of attempts: 25
03/10/2022 , 22:04:43 , SYN attack detected! Attacker IP: 177.17.115.178 No. of attempts: 40
03/10/2022 , 22:04:47 , SYN attack detected! Attacker IP: 177.17.115.178 No. of attempts: 59
03/10/2022 , 22:04:50 , SYN attack detected! Attacker IP: 177.17.115.178 No. of attempts: 31
03/10/2022 , 22:04:54 , SYN attack detected! Attacker IP: 177.17.115.178 No. of attempts: 53
03/10/2022 , 22:04:57 , SYN attack detected! Attacker IP: 177.17.115.178 No. of attempts: 52
03/10/2022 , 22:05:01 , SYN attack detected! Attacker IP: 177.17.115.178 No. of attempts: 53
03/10/2022 , 22:05:04 , SYN attack detected! Attacker IP: 177.17.115.178 No. of attempts: 39
03/10/2022 , 22:05:08 , SYN attack detected! Attacker IP: 177.17.115.178 No. of attempts: 36
03/10/2022 , 22:05:11 , SYN attack detected! Attacker IP: 177.17.115.178 No. of attempts: 22
03/10/2022 , 22:05:15 , SYN attack detected! Attacker IP: 177.17.115.178 No. of attempts: 24
03/10/2022 , 22:05:18 , SYN attack detected! Attacker IP: 177.17.115.178 No. of attempts: 49
03/10/2022 , 22:05:22 , SYN attack detected! Attacker IP: 177.17.115.178 No. of attempts: 26
03/10/2022 , 22:05:25 , SYN attack detected! Attacker IP: 177.17.115.178 No. of attempts: 15
03/10/2022 , 22:05:29 , SYN attack detected! Attacker IP: 177.17.115.178 No. of attempts: 62
03/10/2022 , 22:05:32 , SYN attack detected! Attacker IP: 177.17.115.178 No. of attempts: 24
03/10/2022 , 22:05:36 , SYN attack detected! Attacker IP: 177.17.115.178 No. of attempts: 40
03/10/2022 , 22:05:39 , SYN attack detected! Attacker IP: 177.17.115.178 No. of attempts: 10
03/10/2022 , 22:05:43 , SYN attack detected! Attacker IP: 177.17.115.178 No. of attempts: 11
03/10/2022 , 22:05:46 , SYN attack detected! Attacker IP: 177.17.115.178 No. of attempts: 6
03/10/2022 , 22:05:50 , SYN attack detected! Attacker IP: 177.17.115.178 No. of attempts: 6
03/10/2022 , 22:05:53 , SYN attack detected! Attacker IP: 177.17.115.178 No. of attempts: 7
03/10/2022 , 22:05:57 , SYN attack detected! Attacker IP: 177.17.115.178 No. of attempts: 11
03/10/2022 , 22:06:00 , SYN attack detected! Attacker IP: 177.17.115.178 No. of attempts: 43
03/10/2022 , 22:06:04 , SYN attack detected! Attacker IP: 177.17.115.178 No. of attempts: 81
03/10/2022 , 22:06:07 , SYN attack detected! Attacker IP: 177.17.115.178 No. of attempts: 29
03/10/2022 , 22:06:11 , Everything is normal
03/10/2022 , 22:06:14 , Everything is normal
03/10/2022 , 22:06:18 , Everything is normal
03/10/2022 , 22:06:21 , Everything is normal
03/10/2022 , 22:06:25 , Everything is normal
03/10/2022 , 22:06:28 , Everything is normal
03/10/2022 , 22:06:32 , Everything is normal
03/10/2022 , 22:06:36 , Everything is normal
03/10/2022 , 22:06:39 , Everything is normal
03/10/2022 , 22:06:43 , Everything is normal
03/10/2022 , 22:06:46 , Everything is normal
03/10/2022 , 22:06:50 , Everything is normal
03/10/2022 , 22:06:53 , Everything is normal
03/10/2022 , 22:06:57 , Everything is normal
03/10/2022 , 22:07:00 , Everything is normal
03/10/2022 , 22:07:04 , Everything is normal
03/10/2022 , 22:07:07 , Everything is normal
03/10/2022 , 22:07:11 , Everything is normal
03/10/2022 , 22:07:14 , Everything is normal
03/10/2022 , 22:07:18 , Everything is normal
03/10/2022 , 22:07:21 , Everything is normal

multiple IPs same subnet

03/10/2022 , 22:07:25 , SYN attack detected! From multiple IPs 
03/10/2022 , 22:07:28 , SYN attack detected! From multiple IPs 
03/10/2022 , 22:07:32 , SYN attack detected! From multiple IPs 
03/10/2022 , 22:07:35 , SYN attack detected! From multiple IPs 
03/10/2022 , 22:07:39 , SYN attack detected! From multiple IPs 
03/10/2022 , 22:07:42 , SYN attack detected! From multiple IPs 
03/10/2022 , 22:07:46 , SYN attack detected! From multiple IPs 
03/10/2022 , 22:07:49 , SYN attack detected! From multiple IPs 
03/10/2022 , 22:07:53 , SYN attack detected! From multiple IPs 
03/10/2022 , 22:07:56 , SYN attack detected! From multiple IPs 
03/10/2022 , 22:08:00 , SYN attack detected! From multiple IPs 
03/10/2022 , 22:08:03 , SYN attack detected! From multiple IPs 
03/10/2022 , 22:08:07 , SYN attack detected! From multiple IPs 
03/10/2022 , 22:08:10 , SYN attack detected! From multiple IPs 
03/10/2022 , 22:08:14 , SYN attack detected! From multiple IPs 
03/10/2022 , 22:08:17 , SYN attack detected! From multiple IPs 
03/10/2022 , 22:08:21 , SYN attack detected! From multiple IPs 
03/10/2022 , 22:08:24 , SYN attack detected! From multiple IPs 
03/10/2022 , 22:08:28 , SYN attack detected! From multiple IPs 
03/10/2022 , 22:08:31 , SYN attack detected! From multiple IPs 
03/10/2022 , 22:08:35 , SYN attack detected! From multiple IPs 
03/10/2022 , 22:08:38 , SYN attack detected! From multiple IPs 
03/10/2022 , 22:08:42 , SYN attack detected! From multiple IPs 
03/10/2022 , 22:08:45 , SYN attack detected! Attacker IP: 172.20.10.8 No. of attempts: 1
03/10/2022 , 22:08:49 , Everything is normal
03/10/2022 , 22:08:52 , Everything is normal
03/10/2022 , 22:08:56 , Everything is normal
03/10/2022 , 22:08:59 , Everything is normal
03/10/2022 , 22:09:03 , Everything is normal
03/10/2022 , 22:09:06 , Everything is normal
03/10/2022 , 22:09:10 , Everything is normal
03/10/2022 , 22:09:14 , Everything is normal
03/10/2022 , 22:09:17 , Everything is normal
03/10/2022 , 22:09:21 , Everything is normal
03/10/2022 , 22:09:24 , Everything is normal
03/10/2022 , 22:09:28 , Everything is normal
03/10/2022 , 22:09:31 , Everything is normal
03/10/2022 , 22:09:35 , Everything is normal
03/10/2022 , 22:09:38 , Everything is normal
03/10/2022 , 22:09:42 , Everything is normal
03/10/2022 , 22:09:45 , Everything is normal
03/10/2022 , 22:09:49 , Everything is normal
03/10/2022 , 22:09:52 , Everything is normal
03/10/2022 , 22:09:56 , Everything is normal
03/10/2022 , 22:09:59 , Everything is normal
03/10/2022 , 22:10:03 , Everything is normal
03/10/2022 , 22:10:06 , Everything is normal
03/10/2022 , 22:10:10 , Everything is normal
03/10/2022 , 22:10:13 , Everything is normal
03/10/2022 , 22:10:17 , Everything is normal
03/10/2022 , 22:10:20 , Everything is normal
03/10/2022 , 22:10:24 , Everything is normal
03/10/2022 , 22:10:27 , Everything is normal
03/10/2022 , 22:10:31 , Everything is normal
03/10/2022 , 22:10:34 , Everything is normal
03/10/2022 , 22:10:38 , Everything is normal
03/10/2022 , 22:10:41 , Everything is normal
03/10/2022 , 22:10:45 , Everything is normal
03/10/2022 , 22:10:48 , Everything is normal
03/10/2022 , 22:10:52 , Everything is normal
03/10/2022 , 22:10:55 , Everything is normal
03/10/2022 , 22:10:59 , Everything is normal
03/10/2022 , 22:11:02 , Everything is normal
03/10/2022 , 22:11:06 , Everything is normal
03/10/2022 , 22:11:09 , Everything is normal
03/10/2022 , 22:11:13 , Everything is normal
03/10/2022 , 22:11:16 , Everything is normal
03/10/2022 , 22:11:20 , Everything is normal
03/10/2022 , 22:11:23 , Everything is normal
03/10/2022 , 22:11:27 , Everything is normal
03/10/2022 , 22:11:30 , Everything is normal
03/10/2022 , 22:11:34 , Everything is normal
03/10/2022 , 22:11:37 , Everything is normal
03/10/2022 , 22:11:41 , Everything is normal
03/10/2022 , 22:11:44 , SYN attack detected! Attacker IP: 0.0.0.0 No. of attempts: 6
03/10/2022 , 22:11:48 , SYN attack detected! Attacker IP: 0.0.0.0 No. of attempts: 145
03/10/2022 , 22:11:51 , SYN attack detected! Attacker IP: 0.0.0.0 No. of attempts: 161
03/10/2022 , 22:11:55 , SYN attack detected! Attacker IP: 0.0.0.0 No. of attempts: 108
03/10/2022 , 22:11:58 , SYN attack detected! Attacker IP: 0.0.0.0 No. of attempts: 198
03/10/2022 , 22:12:02 , SYN attack detected! Attacker IP: 0.0.0.0 No. of attempts: 97
03/10/2022 , 22:12:05 , Everything is normal
03/10/2022 , 22:12:09 , Everything is normal
03/10/2022 , 22:12:12 , Everything is normal
03/10/2022 , 22:12:16 , Everything is normal
03/10/2022 , 22:12:20 , Everything is normal
03/10/2022 , 22:12:23 , Everything is normal
03/10/2022 , 22:12:27 , Everything is normal
03/10/2022 , 22:12:30 , Everything is normal
03/10/2022 , 22:12:34 , Everything is normal
03/10/2022 , 22:12:37 , Everything is normal
03/10/2022 , 22:12:41 , Everything is normal
03/10/2022 , 22:12:44 , Everything is normal
03/10/2022 , 22:12:48 , Everything is normal
03/10/2022 , 22:12:51 , Everything is normal
03/10/2022 , 22:12:55 , Everything is normal
03/10/2022 , 22:12:58 , Everything is normal
03/10/2022 , 22:13:02 , Everything is normal
03/10/2022 , 22:13:05 , Everything is normal
03/10/2022 , 22:13:09 , Everything is normal
03/10/2022 , 22:13:12 , Everything is normal
03/10/2022 , 22:13:16 , Everything is normal
03/10/2022 , 22:13:19 , Everything is normal
03/10/2022 , 22:13:23 , Everything is normal
03/10/2022 , 22:13:26 , Everything is normal
03/10/2022 , 22:13:30 , Everything is normal
03/10/2022 , 22:13:33 , SYN attack detected! Attacker IP: 0.0.0.0 No. of attempts: 51
03/10/2022 , 22:13:37 , SYN attack detected! Attacker IP: 0.0.0.0 No. of attempts: 37
03/10/2022 , 22:13:40 , SYN attack detected! Attacker IP: 0.0.0.0 No. of attempts: 55
03/10/2022 , 22:13:44 , SYN attack detected! Attacker IP: 0.0.0.0 No. of attempts: 42
03/10/2022 , 22:13:47 , SYN attack detected! Attacker IP: 0.0.0.0 No. of attempts: 41
03/10/2022 , 22:13:51 , SYN attack detected! Attacker IP: 0.0.0.0 No. of attempts: 133
03/10/2022 , 22:13:54 , SYN attack detected! Attacker IP: 0.0.0.0 No. of attempts: 116
03/10/2022 , 22:13:58 , SYN attack detected! Attacker IP: 0.0.0.0 No. of attempts: 152
03/10/2022 , 22:14:01 , SYN attack detected! Attacker IP: 0.0.0.0 No. of attempts: 95
03/10/2022 , 22:14:05 , SYN attack detected! Attacker IP: 0.0.0.0 No. of attempts: 114
03/10/2022 , 22:14:08 , SYN attack detected! Attacker IP: 0.0.0.0 No. of attempts: 5
03/10/2022 , 22:14:12 , Everything is normal
03/10/2022 , 22:14:15 , Everything is normal
03/10/2022 , 22:14:19 , Everything is normal
03/10/2022 , 22:14:22 , Everything is normal
03/10/2022 , 22:14:26 , Everything is normal
03/10/2022 , 22:14:29 , Everything is normal
03/10/2022 , 22:14:33 , Everything is normal
03/10/2022 , 22:14:36 , Everything is normal
03/10/2022 , 22:14:40 , Everything is normal
03/10/2022 , 22:14:43 , Everything is normal
03/10/2022 , 22:14:47 , Everything is normal
03/10/2022 , 22:14:50 , Everything is normal
03/10/2022 , 22:14:54 , Everything is normal
03/10/2022 , 22:14:57 , Everything is normal
03/10/2022 , 22:15:01 , Everything is normal
03/10/2022 , 22:15:04 , Everything is normal
03/10/2022 , 22:15:08 , Everything is normal
03/10/2022 , 22:15:12 , Everything is normal
03/10/2022 , 22:15:15 , Everything is normal
03/10/2022 , 22:15:19 , Everything is normal
03/10/2022 , 22:15:22 , Everything is normal
03/10/2022 , 22:15:26 , Everything is normal
03/10/2022 , 22:15:29 , Everything is normal
03/10/2022 , 22:15:33 , Everything is normal
03/10/2022 , 22:15:36 , Everything is normal
03/10/2022 , 22:15:40 , Everything is normal
03/10/2022 , 22:15:43 , Everything is normal
03/10/2022 , 22:15:47 , Everything is normal
03/10/2022 , 22:15:50 , Everything is normal
03/10/2022 , 22:15:54 , Everything is normal
03/10/2022 , 22:15:57 , Everything is normal
03/10/2022 , 22:16:01 , Everything is normal
03/10/2022 , 22:16:04 , Everything is normal
03/10/2022 , 22:16:08 , Everything is normal
03/10/2022 , 22:16:11 , Everything is normal
03/10/2022 , 22:16:15 , Everything is normal
03/10/2022 , 22:16:18 , Everything is normal
03/10/2022 , 22:16:22 , Everything is normal
03/10/2022 , 22:16:25 , Everything is normal
03/10/2022 , 22:16:29 , Everything is normal
03/10/2022 , 22:16:32 , Everything is normal
03/10/2022 , 22:16:36 , Everything is normal
03/10/2022 , 22:16:39 , Everything is normal
03/10/2022 , 22:16:43 , Everything is normal
03/10/2022 , 22:16:46 , Everything is normal
03/10/2022 , 22:16:50 , Everything is normal
03/10/2022 , 22:16:53 , Everything is normal
03/10/2022 , 22:16:57 , Everything is normal
03/10/2022 , 22:17:00 , Everything is normal
03/10/2022 , 22:17:04 , Everything is normal
03/10/2022 , 22:17:08 , Everything is normal
03/10/2022 , 22:17:11 , Everything is normal
03/10/2022 , 22:17:15 , Everything is normal
03/10/2022 , 22:17:18 , Everything is normal
03/10/2022 , 22:17:22 , Everything is normal
03/10/2022 , 22:17:25 , Everything is normal
03/10/2022 , 22:17:29 , Everything is normal
03/10/2022 , 22:17:32 , Everything is normal
03/10/2022 , 22:17:36 , Everything is normal
03/10/2022 , 22:17:39 , Everything is normal
03/10/2022 , 22:17:43 , Everything is normal
03/10/2022 , 22:17:46 , Everything is normal
03/10/2022 , 22:17:50 , Everything is normal
03/10/2022 , 22:17:53 , Everything is normal
03/10/2022 , 22:17:57 , Everything is normal
03/10/2022 , 22:18:00 , Everything is normal
03/10/2022 , 22:18:04 , Everything is normal
03/10/2022 , 22:18:07 , Everything is normal
03/10/2022 , 22:18:11 , Everything is normal
03/10/2022 , 22:18:14 , Everything is normal
03/10/2022 , 22:18:18 , Everything is normal
03/10/2022 , 22:18:21 , Everything is normal
03/10/2022 , 22:18:25 , Everything is normal
03/10/2022 , 22:18:28 , Everything is normal
03/10/2022 , 22:18:32 , Everything is normal
03/10/2022 , 22:18:35 , Everything is normal

multiple IPs different subnet

03/10/2022 , 22:18:39 , SYN attack detected! From multiple IPs 
03/10/2022 , 22:18:42 , SYN attack detected! From multiple IPs 
03/10/2022 , 22:18:46 , SYN attack detected! From multiple IPs 
03/10/2022 , 22:18:49 , SYN attack detected! From multiple IPs 
03/10/2022 , 22:18:53 , SYN attack detected! From multiple IPs 
03/10/2022 , 22:18:56 , SYN attack detected! From multiple IPs 
03/10/2022 , 22:19:00 , SYN attack detected! From multiple IPs 
03/10/2022 , 22:19:04 , SYN attack detected! From multiple IPs 
03/10/2022 , 22:19:07 , SYN attack detected! From multiple IPs 
03/10/2022 , 22:19:11 , SYN attack detected! From multiple IPs 
03/10/2022 , 22:19:14 , SYN attack detected! From multiple IPs 
03/10/2022 , 22:19:18 , Everything is normal
03/10/2022 , 22:19:21 , Everything is normal
03/10/2022 , 22:19:25 , Everything is normal
03/10/2022 , 22:19:28 , Everything is normal
03/10/2022 , 22:19:32 , Everything is normal
03/10/2022 , 22:19:35 , Everything is normal
03/10/2022 , 22:19:39 , Everything is normal
03/10/2022 , 22:19:42 , Everything is normal
03/10/2022 , 22:19:46 , Everything is normal
03/10/2022 , 22:19:49 , Everything is normal
03/10/2022 , 22:19:53 , Everything is normal
03/10/2022 , 22:19:56 , Everything is normal
03/10/2022 , 22:20:00 , Everything is normal
03/10/2022 , 22:20:03 , Everything is normal
03/10/2022 , 22:20:07 , Everything is normal
03/10/2022 , 22:20:10 , Everything is normal
DNS RR prematured end (ofs=16, len=16)
DNS RR prematured end (ofs=16, len=16)
03/10/2022 , 22:20:14 , Everything is normal
more DNS RR prematured end (ofs=6, len=6)
03/10/2022 , 22:20:17 , Everything is normal
DNS RR prematured end (ofs=16, len=16)
03/10/2022 , 22:20:21 , Everything is normal
03/10/2022 , 22:20:24 , Everything is normal
03/10/2022 , 22:20:28 , Everything is normal
03/10/2022 , 22:20:31 , Everything is normal
03/10/2022 , 22:20:35 , Everything is normal
03/10/2022 , 22:20:38 , Everything is normal
03/10/2022 , 22:20:42 , Everything is normal
03/10/2022 , 22:20:45 , Everything is normal
03/10/2022 , 22:20:49 , Everything is normal
03/10/2022 , 22:20:52 , Everything is normal
03/10/2022 , 22:20:56 , Everything is normal
03/10/2022 , 22:20:59 , Everything is normal
03/10/2022 , 22:21:03 , Everything is normal
03/10/2022 , 22:21:06 , Everything is normal
03/10/2022 , 22:21:10 , Everything is normal
03/10/2022 , 22:21:14 , Everything is normal
03/10/2022 , 22:21:17 , SYN attack detected! From multiple IPs 
03/10/2022 , 22:21:21 , SYN attack detected! From multiple IPs 
03/10/2022 , 22:21:24 , SYN attack detected! From multiple IPs 
03/10/2022 , 22:21:28 , SYN attack detected! From multiple IPs 
03/10/2022 , 22:21:31 , SYN attack detected! From multiple IPs 
03/10/2022 , 22:21:35 , SYN attack detected! From multiple IPs 
03/10/2022 , 22:21:38 , SYN attack detected! From multiple IPs 
03/10/2022 , 22:21:42 , SYN attack detected! From multiple IPs 
03/10/2022 , 22:21:45 , SYN attack detected! From multiple IPs 
03/10/2022 , 22:21:49 , SYN attack detected! From multiple IPs 
03/10/2022 , 22:21:52 , SYN attack detected! From multiple IPs 
03/10/2022 , 22:21:56 , Everything is normal
03/10/2022 , 22:21:59 , Everything is normal
03/10/2022 , 22:22:03 , Everything is normal
03/10/2022 , 22:22:06 , Everything is normal
03/10/2022 , 22:22:10 , Everything is normal
03/10/2022 , 22:22:13 , Everything is normal
03/10/2022 , 22:25:57 , Everything is normal
03/10/2022 , 22:26:01 , Everything is normal
